2026-04-02 16:37:34,250 - WARNING - No Webshare API key found - running without proxies
2026-04-02 16:37:34,251 - INFO - ✓ Database integration enabled
2026-04-02 16:37:34,251 - INFO - ================================================================================
2026-04-02 16:37:34,251 - INFO - KWARA TWO-STAGE SCRAPER
2026-04-02 16:37:34,251 - INFO - ================================================================================
2026-04-02 16:37:34,251 - INFO - 
📋 STAGE 1: Fetching lot list from search API...
2026-04-02 16:37:34,252 - INFO -   Category 1335572015838398043, page 1...
2026-04-02 16:37:35,597 - INFO -   Category 1335572023151306, page 1...
2026-04-02 16:37:36,733 - INFO -   Category 1335572026939174, page 1...
2026-04-02 16:37:37,883 - INFO - ✓ Stage 1 complete: 5 lots fetched
2026-04-02 16:37:41,399 - INFO - ✓ Saved 5/5 lots to database
2026-04-02 16:37:41,399 - INFO - ✓ Basic lots saved to database
2026-04-02 16:37:41,399 - INFO - 
🔍 STAGE 2: Fetching extended fields for 5 lots...
2026-04-02 16:37:52,633 - INFO - ✓ Saved 5/5 lots to database
2026-04-02 16:37:52,633 - INFO - ✓ Detailed lots saved to database
2026-04-02 16:37:52,633 - INFO - 
================================================================================
2026-04-02 16:37:52,633 - INFO - SCRAPING COMPLETE!
2026-04-02 16:37:52,634 - INFO - Total lots: 5
2026-04-02 16:37:52,634 - INFO - Time elapsed: 18.4s (0.3 minutes)
2026-04-02 16:37:52,634 - INFO - Average: 3.7s per lot
2026-04-02 16:37:52,634 - INFO - ================================================================================
2026-04-02 18:42:45,397 - WARNING - No Webshare API key found - running without proxies
2026-04-02 18:42:45,399 - INFO - ✓ Database integration enabled
2026-04-02 18:42:45,399 - INFO - ================================================================================
2026-04-02 18:42:45,399 - INFO - KWARA TWO-STAGE SCRAPER
2026-04-02 18:42:45,399 - INFO - ================================================================================
2026-04-02 18:42:45,399 - INFO - 
📋 STAGE 1: Fetching lot list from search API...
2026-04-02 18:42:45,399 - INFO -   Category 1335572015838398043, page 1...
2026-04-02 18:42:45,757 - INFO -   → Category contains 1141 lots across 24 pages
2026-04-02 18:42:45,757 - INFO -   → Page 1/24: 48 lots (total: 48)
2026-04-02 18:42:47,063 - INFO -   Category 1335572015838398043, page 2...
2026-04-02 18:42:47,286 - INFO -   → Page 2/24: 48 lots (total: 96)
2026-04-02 18:42:49,290 - INFO -   Category 1335572023151306, page 1...
2026-04-02 18:42:49,418 - INFO -   → No more items on page 1, pagination complete
2026-04-02 18:42:51,424 - INFO -   Category 1335572026939174, page 1...
2026-04-02 18:42:51,620 - INFO -   → No more items on page 1, pagination complete
2026-04-02 18:42:53,624 - INFO - ✓ Stage 1 complete: 50 lots fetched
2026-04-02 18:43:02,710 - INFO - ✓ Saved 50/50 lots to database
2026-04-02 18:43:02,711 - INFO - ✓ Basic lots saved to database
2026-04-02 18:43:02,711 - INFO - 
🔍 STAGE 2: Fetching extended fields for 50 lots...
2026-04-02 18:43:27,150 - INFO -   Progress: 10/50 lots (20.0%)
2026-04-02 18:43:55,256 - INFO -   Progress: 20/50 lots (40.0%)
2026-04-02 18:44:24,218 - INFO -   Progress: 30/50 lots (60.0%)
2026-04-02 18:44:53,912 - INFO -   Progress: 40/50 lots (80.0%)
2026-04-02 18:45:21,213 - INFO -   Progress: 50/50 lots (100.0%)
2026-04-02 18:45:33,931 - INFO - ✓ Saved 50/50 lots to database
2026-04-02 18:45:33,931 - INFO - ✓ Detailed lots saved to database
2026-04-02 18:45:33,931 - INFO - 
================================================================================
2026-04-02 18:45:33,931 - INFO - SCRAPING COMPLETE!
2026-04-02 18:45:33,931 - INFO - Total lots: 50
2026-04-02 18:45:33,931 - INFO - Time elapsed: 168.5s (2.8 minutes)
2026-04-02 18:45:33,931 - INFO - Average: 3.4s per lot
2026-04-02 18:45:33,931 - INFO - ================================================================================
