2026-04-02 16:50:32,189 - WARNING - No Webshare API key found - running without proxies
2026-04-02 16:50:32,191 - INFO - ✓ Database integration enabled
2026-04-02 16:50:32,191 - INFO - TEST MODE: Scraping 100 lots with priority...
2026-04-02 16:50:32,191 - INFO - ================================================================================
2026-04-02 16:50:32,191 - INFO - KWARA HYBRID SCRAPER - PRIORITY BASED
2026-04-02 16:50:32,191 - INFO - ================================================================================
2026-04-02 16:50:32,191 - INFO - 
📋 STAGE 1: Fetching all lots (basic data)...
2026-04-02 16:50:32,191 - INFO -   Category 1335572015838398043, page 1...
2026-04-02 16:50:32,985 - INFO -   → Category contains 1134 lots across 24 pages
2026-04-02 16:50:32,985 - INFO -   → Page 1/24: 48 lots (total: 48)
2026-04-02 16:50:34,031 - INFO -   Category 1335572015838398043, page 2...
2026-04-02 16:50:34,257 - INFO -   → Page 2/24: 48 lots (total: 96)
2026-04-02 16:50:35,469 - INFO -   Category 1335572015838398043, page 3...
2026-04-02 16:50:35,691 - INFO -   → Page 3/24: 48 lots (total: 144)
2026-04-02 16:50:36,691 - INFO -   Category 1335572015838398043, page 4...
2026-04-02 16:50:36,944 - INFO -   → Page 4/24: 48 lots (total: 192)
2026-04-02 16:50:38,445 - INFO -   Category 1335572015838398043, page 5...
2026-04-02 16:50:38,706 - INFO -   → Page 5/24: 48 lots (total: 240)
2026-04-02 16:50:39,942 - INFO -   Category 1335572015838398043, page 6...
2026-04-02 16:50:40,171 - INFO -   → Page 6/24: 48 lots (total: 288)
2026-04-02 16:50:41,630 - INFO -   Category 1335572015838398043, page 7...
2026-04-02 16:50:41,831 - INFO -   → Page 7/24: 48 lots (total: 336)
2026-04-02 16:50:42,495 - INFO -   Category 1335572015838398043, page 8...
2026-04-02 16:50:42,733 - INFO -   → Page 8/24: 48 lots (total: 384)
2026-04-02 16:50:43,707 - INFO -   Category 1335572015838398043, page 9...
2026-04-02 16:50:43,929 - INFO -   → Page 9/24: 48 lots (total: 432)
2026-04-02 16:50:44,494 - INFO -   Category 1335572015838398043, page 10...
2026-04-02 16:50:44,704 - INFO -   → Page 10/24: 48 lots (total: 480)
2026-04-02 16:50:45,236 - INFO -   Category 1335572015838398043, page 11...
2026-04-02 16:50:45,468 - INFO -   → Page 11/24: 48 lots (total: 528)
2026-04-02 16:50:46,328 - INFO -   Category 1335572015838398043, page 12...
2026-04-02 16:50:46,563 - INFO -   → Page 12/24: 48 lots (total: 576)
2026-04-02 16:50:47,851 - INFO -   Category 1335572015838398043, page 13...
2026-04-02 16:50:48,065 - INFO -   → Page 13/24: 48 lots (total: 624)
2026-04-02 16:50:48,598 - INFO -   Category 1335572015838398043, page 14...
2026-04-02 16:50:48,821 - INFO -   → Page 14/24: 48 lots (total: 672)
2026-04-02 16:50:49,409 - INFO -   Category 1335572015838398043, page 15...
2026-04-02 16:50:49,655 - INFO -   → Page 15/24: 48 lots (total: 720)
2026-04-02 16:50:50,179 - INFO -   Category 1335572015838398043, page 16...
2026-04-02 16:50:50,454 - INFO -   → Page 16/24: 48 lots (total: 768)
2026-04-02 16:50:51,031 - INFO -   Category 1335572015838398043, page 17...
2026-04-02 16:50:51,246 - INFO -   → Page 17/24: 48 lots (total: 816)
2026-04-02 16:50:52,708 - INFO -   Category 1335572015838398043, page 18...
2026-04-02 16:50:52,932 - INFO -   → Page 18/24: 48 lots (total: 864)
2026-04-02 16:50:54,261 - INFO -   Category 1335572015838398043, page 19...
2026-04-02 16:50:54,495 - INFO -   → Page 19/24: 48 lots (total: 912)
2026-04-02 16:50:55,817 - INFO -   Category 1335572015838398043, page 20...
2026-04-02 16:50:56,045 - INFO -   → Page 20/24: 48 lots (total: 960)
2026-04-02 16:50:56,839 - INFO -   Category 1335572015838398043, page 21...
2026-04-02 16:50:57,070 - INFO -   → Page 21/24: 48 lots (total: 1008)
2026-04-02 16:50:58,410 - INFO -   Category 1335572015838398043, page 22...
2026-04-02 16:50:58,625 - INFO -   → Page 22/24: 48 lots (total: 1056)
2026-04-02 16:50:59,939 - INFO -   Category 1335572015838398043, page 23...
2026-04-02 16:51:00,196 - INFO -   → Page 23/24: 48 lots (total: 1104)
2026-04-02 16:51:01,128 - INFO -   Category 1335572015838398043, page 24...
2026-04-02 16:51:01,368 - INFO -   → Page 24/24: 48 lots (total: 1152)
2026-04-02 16:51:01,369 - INFO -   → Reached last page (24/24)
2026-04-02 16:51:03,376 - INFO -   Category 1335572023151306, page 1...
2026-04-02 16:51:03,497 - INFO -   → No more items on page 1, pagination complete
2026-04-02 16:51:05,503 - INFO -   Category 1335572026939174, page 1...
2026-04-02 16:51:05,704 - INFO -   → No more items on page 1, pagination complete
2026-04-02 16:51:07,709 - INFO - ✓ Stage 1 complete: 1152 lots fetched
2026-04-02 16:55:40,480 - INFO - ✓ Saved 1152/1152 lots to database
2026-04-02 16:55:40,482 - INFO - ✓ Basic lots saved to database
2026-04-02 16:55:40,482 - INFO - 
🎯 CALCULATING PRIORITIES for 1152 lots...
2026-04-02 16:55:40,485 - INFO - ✓ Found 0 high-priority lots (score >= 70.0)
2026-04-02 16:55:40,486 - INFO - 
🚀 STAGE 2a: Pre-scraping top 0 priority lots...
2026-04-02 16:55:40,486 - INFO - 
================================================================================
2026-04-02 16:55:40,487 - INFO - HYBRID SCRAPING COMPLETE!
2026-04-02 16:55:40,487 - INFO - ================================================================================
2026-04-02 16:55:40,487 - INFO - Priority lots pre-scraped: 0
2026-04-02 16:55:40,487 - INFO - On-demand slugs available: 1152
2026-04-02 16:55:40,487 - INFO - Time elapsed: 308.3s (5.1 minutes)
2026-04-02 16:55:40,487 - INFO - ================================================================================
2026-04-02 16:58:47,842 - WARNING - No Webshare API key found - running without proxies
2026-04-02 16:58:47,843 - INFO - ✓ Database integration enabled
2026-04-02 16:58:47,843 - INFO - ================================================================================
2026-04-02 16:58:47,843 - INFO - KWARA HYBRID SCRAPER - PRIORITY BASED
2026-04-02 16:58:47,843 - INFO - ================================================================================
2026-04-02 16:58:47,843 - INFO - 
📋 STAGE 1: Fetching all lots (basic data)...
2026-04-02 16:58:47,843 - INFO -   Category 1335572015838398043, page 1...
2026-04-02 16:58:48,578 - INFO -   → Category contains 1134 lots across 24 pages
2026-04-02 16:58:48,578 - INFO -   → Page 1/24: 48 lots (total: 48)
2026-04-02 16:58:49,596 - INFO -   Category 1335572015838398043, page 2...
2026-04-02 16:58:49,809 - INFO -   → Page 2/24: 48 lots (total: 96)
2026-04-02 16:58:50,832 - INFO -   Category 1335572015838398043, page 3...
2026-04-02 16:58:51,065 - INFO -   → Page 3/24: 48 lots (total: 144)
2026-04-02 16:58:52,434 - INFO -   Category 1335572015838398043, page 4...
2026-04-02 16:58:52,664 - INFO -   → Page 4/24: 48 lots (total: 192)
2026-04-02 16:58:54,031 - INFO -   Category 1335572015838398043, page 5...
2026-04-02 16:58:54,297 - INFO -   → Page 5/24: 48 lots (total: 240)
2026-04-02 16:58:54,946 - INFO -   Category 1335572015838398043, page 6...
2026-04-02 16:58:55,453 - INFO -   → Page 6/24: 48 lots (total: 288)
2026-04-02 16:58:56,576 - INFO -   Category 1335572015838398043, page 7...
2026-04-02 16:58:56,832 - INFO -   → Page 7/24: 48 lots (total: 336)
2026-04-02 16:58:57,758 - INFO -   Category 1335572015838398043, page 8...
2026-04-02 16:58:57,986 - INFO -   → Page 8/24: 48 lots (total: 384)
2026-04-02 16:58:58,720 - INFO -   Category 1335572015838398043, page 9...
2026-04-02 16:58:58,940 - INFO -   → Page 9/24: 48 lots (total: 432)
2026-04-02 16:59:00,070 - INFO -   Category 1335572015838398043, page 10...
2026-04-02 16:59:00,310 - INFO -   → Page 10/24: 48 lots (total: 480)
2026-04-02 16:59:01,123 - INFO -   Category 1335572015838398043, page 11...
2026-04-02 16:59:01,339 - INFO -   → Page 11/24: 48 lots (total: 528)
2026-04-02 16:59:02,326 - INFO -   Category 1335572015838398043, page 12...
2026-04-02 16:59:02,575 - INFO -   → Page 12/24: 48 lots (total: 576)
2026-04-02 16:59:03,219 - INFO -   Category 1335572015838398043, page 13...
2026-04-02 16:59:03,473 - INFO -   → Page 13/24: 48 lots (total: 624)
2026-04-02 16:59:04,166 - INFO -   Category 1335572015838398043, page 14...
2026-04-02 16:59:04,400 - INFO -   → Page 14/24: 48 lots (total: 672)
2026-04-02 16:59:05,146 - INFO -   Category 1335572015838398043, page 15...
2026-04-02 16:59:05,384 - INFO -   → Page 15/24: 48 lots (total: 720)
2026-04-02 16:59:06,540 - INFO -   Category 1335572015838398043, page 16...
2026-04-02 16:59:06,780 - INFO -   → Page 16/24: 48 lots (total: 768)
2026-04-02 16:59:07,476 - INFO -   Category 1335572015838398043, page 17...
2026-04-02 16:59:07,695 - INFO -   → Page 17/24: 48 lots (total: 816)
2026-04-02 16:59:08,508 - INFO -   Category 1335572015838398043, page 18...
2026-04-02 16:59:08,719 - INFO -   → Page 18/24: 48 lots (total: 864)
2026-04-02 16:59:09,458 - INFO -   Category 1335572015838398043, page 19...
2026-04-02 16:59:09,738 - INFO -   → Page 19/24: 48 lots (total: 912)
2026-04-02 16:59:10,908 - INFO -   Category 1335572015838398043, page 20...
2026-04-02 16:59:11,153 - INFO -   → Page 20/24: 48 lots (total: 960)
2026-04-02 16:59:12,036 - INFO -   Category 1335572015838398043, page 21...
2026-04-02 16:59:12,268 - INFO -   → Page 21/24: 48 lots (total: 1008)
2026-04-02 16:59:12,873 - INFO -   Category 1335572015838398043, page 22...
2026-04-02 16:59:13,185 - INFO -   → Page 22/24: 48 lots (total: 1056)
2026-04-02 16:59:14,082 - INFO -   Category 1335572015838398043, page 23...
2026-04-02 16:59:14,313 - INFO -   → Page 23/24: 48 lots (total: 1104)
2026-04-02 16:59:15,372 - INFO -   Category 1335572015838398043, page 24...
2026-04-02 16:59:15,631 - INFO -   → Page 24/24: 48 lots (total: 1152)
2026-04-02 16:59:15,632 - INFO -   → Reached last page (24/24)
2026-04-02 16:59:17,639 - INFO -   Category 1335572023151306, page 1...
2026-04-02 16:59:17,767 - INFO -   → No more items on page 1, pagination complete
2026-04-02 16:59:19,774 - INFO -   Category 1335572026939174, page 1...
2026-04-02 16:59:19,891 - INFO -   → No more items on page 1, pagination complete
2026-04-02 16:59:21,893 - INFO - ✓ Stage 1 complete: 1152 lots fetched
2026-04-02 17:02:21,161 - INFO - ✓ Saved 1152/1152 lots to database
2026-04-02 17:02:21,163 - INFO - ✓ Basic lots saved to database
2026-04-02 17:02:21,164 - INFO - 
🎯 CALCULATING PRIORITIES for 1152 lots...
2026-04-02 17:02:21,167 - INFO - ✓ Found 0 high-priority lots (score >= 20.0)
2026-04-02 17:02:21,167 - INFO - 
🚀 STAGE 2a: Pre-scraping top 0 priority lots...
2026-04-02 17:02:21,167 - INFO - 
================================================================================
2026-04-02 17:02:21,167 - INFO - HYBRID SCRAPING COMPLETE!
2026-04-02 17:02:21,167 - INFO - ================================================================================
2026-04-02 17:02:21,167 - INFO - Priority lots pre-scraped: 0
2026-04-02 17:02:21,167 - INFO - On-demand slugs available: 1152
2026-04-02 17:02:21,167 - INFO - Time elapsed: 213.3s (3.6 minutes)
2026-04-02 17:02:21,167 - INFO - ================================================================================
2026-04-02 17:19:52,379 - INFO - 🤖 AUTO-PRIORITY SCRAPING (target: 200 lots)
2026-04-02 17:19:52,379 - INFO - ================================================================================
2026-04-02 17:19:52,379 - WARNING - No Webshare API key found - running without proxies
2026-04-02 17:19:52,381 - INFO - ✓ Database integration enabled
2026-04-02 17:19:52,381 - INFO - ================================================================================
2026-04-02 17:19:52,381 - INFO - KWARA HYBRID SCRAPER - AUTO-ADJUSTING PRIORITY
2026-04-02 17:19:52,381 - INFO - ================================================================================
2026-04-02 17:19:52,381 - INFO - 
📋 STAGE 1: Fetching all lots (basic data)...
2026-04-02 17:19:52,381 - INFO -   Category 1335572015838398043, page 1...
2026-04-02 17:19:52,737 - INFO -   → Category contains 1134 lots across 24 pages
2026-04-02 17:19:52,737 - INFO -   → Page 1/24: 48 lots (total: 48)
2026-04-02 17:19:53,483 - INFO -   Category 1335572015838398043, page 2...
2026-04-02 17:19:53,713 - INFO -   → Page 2/24: 48 lots (total: 96)
2026-04-02 17:19:54,301 - INFO -   Category 1335572015838398043, page 3...
2026-04-02 17:19:54,510 - INFO -   → Page 3/24: 48 lots (total: 144)
2026-04-02 17:19:55,014 - INFO -   Category 1335572015838398043, page 4...
2026-04-02 17:19:55,314 - INFO -   → Page 4/24: 48 lots (total: 192)
2026-04-02 17:19:56,143 - INFO -   Category 1335572015838398043, page 5...
2026-04-02 17:19:56,394 - INFO -   → Page 5/24: 48 lots (total: 240)
2026-04-02 17:19:56,987 - INFO -   Category 1335572015838398043, page 6...
2026-04-02 17:19:57,203 - INFO -   → Page 6/24: 48 lots (total: 288)
2026-04-02 17:19:58,291 - INFO -   Category 1335572015838398043, page 7...
2026-04-02 17:19:58,516 - INFO -   → Page 7/24: 48 lots (total: 336)
2026-04-02 17:19:59,700 - INFO -   Category 1335572015838398043, page 8...
2026-04-02 17:19:59,930 - INFO -   → Page 8/24: 48 lots (total: 384)
2026-04-02 17:20:01,293 - INFO -   Category 1335572015838398043, page 9...
2026-04-02 17:20:01,517 - INFO -   → Page 9/24: 48 lots (total: 432)
2026-04-02 17:20:02,744 - INFO -   Category 1335572015838398043, page 10...
2026-04-02 17:20:02,968 - INFO -   → Page 10/24: 48 lots (total: 480)
2026-04-02 17:20:03,984 - INFO -   Category 1335572015838398043, page 11...
2026-04-02 17:20:04,227 - INFO -   → Page 11/24: 48 lots (total: 528)
2026-04-02 17:20:05,024 - INFO -   Category 1335572015838398043, page 12...
2026-04-02 17:20:05,247 - INFO -   → Page 12/24: 48 lots (total: 576)
2026-04-02 17:20:06,040 - INFO -   Category 1335572015838398043, page 13...
2026-04-02 17:20:06,273 - INFO -   → Page 13/24: 48 lots (total: 624)
2026-04-02 17:20:07,441 - INFO -   Category 1335572015838398043, page 14...
2026-04-02 17:20:07,701 - INFO -   → Page 14/24: 48 lots (total: 672)
2026-04-02 17:20:09,174 - INFO -   Category 1335572015838398043, page 15...
2026-04-02 17:20:09,393 - INFO -   → Page 15/24: 48 lots (total: 720)
2026-04-02 17:20:10,118 - INFO -   Category 1335572015838398043, page 16...
2026-04-02 17:20:10,334 - INFO -   → Page 16/24: 48 lots (total: 768)
2026-04-02 17:20:11,514 - INFO -   Category 1335572015838398043, page 17...
2026-04-02 17:20:11,737 - INFO -   → Page 17/24: 48 lots (total: 816)
2026-04-02 17:20:13,145 - INFO -   Category 1335572015838398043, page 18...
2026-04-02 17:20:13,366 - INFO -   → Page 18/24: 48 lots (total: 864)
2026-04-02 17:20:14,766 - INFO -   Category 1335572015838398043, page 19...
2026-04-02 17:20:14,985 - INFO -   → Page 19/24: 48 lots (total: 912)
2026-04-02 17:20:15,656 - INFO -   Category 1335572015838398043, page 20...
2026-04-02 17:20:15,882 - INFO -   → Page 20/24: 48 lots (total: 960)
2026-04-02 17:20:16,917 - INFO -   Category 1335572015838398043, page 21...
2026-04-02 17:20:17,128 - INFO -   → Page 21/24: 48 lots (total: 1008)
2026-04-02 17:20:18,259 - INFO -   Category 1335572015838398043, page 22...
2026-04-02 17:20:18,478 - INFO -   → Page 22/24: 48 lots (total: 1056)
2026-04-02 17:20:19,021 - INFO -   Category 1335572015838398043, page 23...
2026-04-02 17:20:19,240 - INFO -   → Page 23/24: 48 lots (total: 1104)
2026-04-02 17:20:20,159 - INFO -   Category 1335572015838398043, page 24...
2026-04-02 17:20:20,379 - INFO -   → Page 24/24: 48 lots (total: 1152)
2026-04-02 17:20:20,380 - INFO -   → Reached last page (24/24)
2026-04-02 17:20:22,385 - INFO -   Category 1335572023151306, page 1...
2026-04-02 17:20:22,526 - INFO -   → No more items on page 1, pagination complete
2026-04-02 17:20:24,531 - INFO -   Category 1335572026939174, page 1...
2026-04-02 17:20:24,656 - INFO -   → No more items on page 1, pagination complete
2026-04-02 17:20:26,661 - INFO - ✓ Stage 1 complete: 1152 lots fetched
2026-04-02 17:24:26,067 - INFO - ✓ Saved 1152/1152 lots to database
2026-04-02 17:24:26,069 - INFO - ✓ Basic lots saved to database
2026-04-02 17:24:26,069 - INFO - 
🔍 AUTO-ADJUSTING THRESHOLD...
2026-04-02 17:24:26,069 - INFO - ================================================================================
2026-04-02 17:24:35,219 - INFO - 🤖 AUTO-PRIORITY SCRAPING (target: 200 lots)
2026-04-02 17:24:35,220 - INFO - ================================================================================
2026-04-02 17:24:35,220 - WARNING - No Webshare API key found - running without proxies
2026-04-02 17:24:35,221 - INFO - ✓ Database integration enabled
2026-04-02 17:24:35,221 - INFO - ================================================================================
2026-04-02 17:24:35,221 - INFO - KWARA HYBRID SCRAPER - AUTO-ADJUSTING PRIORITY
2026-04-02 17:24:35,221 - INFO - ================================================================================
2026-04-02 17:24:35,221 - INFO - 
📋 STAGE 1: Fetching all lots (basic data)...
2026-04-02 17:24:35,221 - INFO -   Category 1335572015838398043, page 1...
2026-04-02 17:24:35,677 - INFO -   → Category contains 1141 lots across 24 pages
2026-04-02 17:24:35,677 - INFO -   → Page 1/24: 48 lots (total: 48)
2026-04-02 17:24:37,130 - INFO -   Category 1335572015838398043, page 2...
2026-04-02 17:24:37,371 - INFO -   → Page 2/24: 48 lots (total: 96)
2026-04-02 17:24:38,635 - INFO -   Category 1335572015838398043, page 3...
2026-04-02 17:24:38,873 - INFO -   → Page 3/24: 48 lots (total: 144)
2026-04-02 17:24:40,372 - INFO -   Category 1335572015838398043, page 4...
2026-04-02 17:24:40,621 - INFO -   → Page 4/24: 48 lots (total: 192)
2026-04-02 17:24:41,435 - INFO -   Category 1335572015838398043, page 5...
2026-04-02 17:24:41,674 - INFO -   → Page 5/24: 48 lots (total: 240)
2026-04-02 17:24:42,790 - INFO -   Category 1335572015838398043, page 6...
2026-04-02 17:24:43,030 - INFO -   → Page 6/24: 48 lots (total: 288)
2026-04-02 17:24:43,901 - INFO -   Category 1335572015838398043, page 7...
2026-04-02 17:24:44,123 - INFO -   → Page 7/24: 48 lots (total: 336)
2026-04-02 17:24:45,589 - INFO -   Category 1335572015838398043, page 8...
2026-04-02 17:24:45,834 - INFO -   → Page 8/24: 48 lots (total: 384)
2026-04-02 17:24:46,427 - INFO -   Category 1335572015838398043, page 9...
2026-04-02 17:24:46,641 - INFO -   → Page 9/24: 48 lots (total: 432)
2026-04-02 17:24:47,291 - INFO -   Category 1335572015838398043, page 10...
2026-04-02 17:24:47,536 - INFO -   → Page 10/24: 48 lots (total: 480)
2026-04-02 17:24:48,432 - INFO -   Category 1335572015838398043, page 11...
2026-04-02 17:24:48,660 - INFO -   → Page 11/24: 48 lots (total: 528)
2026-04-02 17:24:49,674 - INFO -   Category 1335572015838398043, page 12...
2026-04-02 17:24:49,907 - INFO -   → Page 12/24: 48 lots (total: 576)
2026-04-02 17:24:51,396 - INFO -   Category 1335572015838398043, page 13...
2026-04-02 17:24:51,619 - INFO -   → Page 13/24: 48 lots (total: 624)
2026-04-02 17:24:53,005 - INFO -   Category 1335572015838398043, page 14...
2026-04-02 17:24:53,245 - INFO -   → Page 14/24: 48 lots (total: 672)
2026-04-02 17:24:54,054 - INFO -   Category 1335572015838398043, page 15...
2026-04-02 17:24:54,288 - INFO -   → Page 15/24: 48 lots (total: 720)
2026-04-02 17:24:55,327 - INFO -   Category 1335572015838398043, page 16...
2026-04-02 17:24:55,546 - INFO -   → Page 16/24: 48 lots (total: 768)
2026-04-02 17:24:56,928 - INFO -   Category 1335572015838398043, page 17...
2026-04-02 17:24:57,234 - INFO -   → Page 17/24: 48 lots (total: 816)
2026-04-02 17:24:57,925 - INFO -   Category 1335572015838398043, page 18...
2026-04-02 17:24:58,152 - INFO -   → Page 18/24: 48 lots (total: 864)
2026-04-02 17:24:59,190 - INFO -   Category 1335572015838398043, page 19...
2026-04-02 17:24:59,433 - INFO -   → Page 19/24: 48 lots (total: 912)
2026-04-02 17:25:00,479 - INFO -   Category 1335572015838398043, page 20...
2026-04-02 17:25:00,728 - INFO -   → Page 20/24: 48 lots (total: 960)
2026-04-02 17:25:01,758 - INFO -   Category 1335572015838398043, page 21...
2026-04-02 17:25:02,012 - INFO -   → Page 21/24: 48 lots (total: 1008)
2026-04-02 17:25:03,336 - INFO -   Category 1335572015838398043, page 22...
2026-04-02 17:25:03,562 - INFO -   → Page 22/24: 48 lots (total: 1056)
2026-04-02 17:25:04,708 - INFO -   Category 1335572015838398043, page 23...
2026-04-02 17:25:04,938 - INFO -   → Page 23/24: 48 lots (total: 1104)
2026-04-02 17:25:05,583 - INFO -   Category 1335572015838398043, page 24...
2026-04-02 17:25:05,816 - INFO -   → Page 24/24: 48 lots (total: 1152)
2026-04-02 17:25:05,817 - INFO -   → Reached last page (24/24)
2026-04-02 17:25:07,824 - INFO -   Category 1335572023151306, page 1...
2026-04-02 17:25:07,955 - INFO -   → No more items on page 1, pagination complete
2026-04-02 17:25:09,962 - INFO -   Category 1335572026939174, page 1...
2026-04-02 17:25:10,094 - INFO -   → No more items on page 1, pagination complete
2026-04-02 17:25:12,096 - INFO - ✓ Stage 1 complete: 1152 lots fetched
2026-04-02 17:28:28,160 - INFO - ✓ Saved 1152/1152 lots to database
2026-04-02 17:28:28,162 - INFO - ✓ Basic lots saved to database
2026-04-02 17:28:28,162 - INFO - 
🔍 AUTO-ADJUSTING THRESHOLD...
2026-04-02 17:28:28,163 - INFO - ================================================================================
2026-04-02 17:28:36,669 - INFO - 🤖 AUTO-PRIORITY SCRAPING (target: 50 lots)
2026-04-02 17:28:36,669 - INFO - ================================================================================
2026-04-02 17:28:36,669 - WARNING - No Webshare API key found - running without proxies
2026-04-02 17:28:36,671 - INFO - ✓ Database integration enabled
2026-04-02 17:28:36,671 - INFO - ================================================================================
2026-04-02 17:28:36,671 - INFO - KWARA HYBRID SCRAPER - AUTO-ADJUSTING PRIORITY
2026-04-02 17:28:36,671 - INFO - ================================================================================
2026-04-02 17:28:36,671 - INFO - 
📋 STAGE 1: Fetching all lots (basic data)...
2026-04-02 17:28:36,671 - INFO -   Category 1335572015838398043, page 1...
2026-04-02 17:28:37,026 - INFO -   → Category contains 1141 lots across 24 pages
2026-04-02 17:28:37,026 - INFO -   → Page 1/24: 48 lots (total: 48)
2026-04-02 17:28:38,172 - INFO -   Category 1335572015838398043, page 2...
2026-04-02 17:28:38,409 - INFO -   → Page 2/24: 48 lots (total: 96)
2026-04-02 17:28:39,574 - INFO -   Category 1335572015838398043, page 3...
2026-04-02 17:28:39,808 - INFO -   → Page 3/24: 48 lots (total: 144)
2026-04-02 17:28:41,283 - INFO -   Category 1335572015838398043, page 4...
2026-04-02 17:28:41,502 - INFO -   → Page 4/24: 48 lots (total: 192)
2026-04-02 17:28:42,470 - INFO -   Category 1335572015838398043, page 5...
2026-04-02 17:28:42,715 - INFO -   → Page 5/24: 48 lots (total: 240)
2026-04-02 17:28:43,432 - INFO -   Category 1335572015838398043, page 6...
2026-04-02 17:28:43,680 - INFO -   → Page 6/24: 48 lots (total: 288)
2026-04-02 17:28:44,532 - INFO -   Category 1335572015838398043, page 7...
2026-04-02 17:28:44,765 - INFO -   → Page 7/24: 48 lots (total: 336)
2026-04-02 17:28:45,855 - INFO -   Category 1335572015838398043, page 8...
2026-04-02 17:28:46,087 - INFO -   → Page 8/24: 48 lots (total: 384)
2026-04-02 17:28:47,186 - INFO -   Category 1335572015838398043, page 9...
2026-04-02 17:28:47,406 - INFO -   → Page 9/24: 48 lots (total: 432)
2026-04-02 17:28:48,815 - INFO -   Category 1335572015838398043, page 10...
2026-04-02 17:28:49,099 - INFO -   → Page 10/24: 48 lots (total: 480)
2026-04-02 17:28:50,360 - INFO -   Category 1335572015838398043, page 11...
2026-04-02 17:28:50,600 - INFO -   → Page 11/24: 48 lots (total: 528)
2026-04-02 17:28:51,593 - INFO -   Category 1335572015838398043, page 12...
2026-04-02 17:28:51,807 - INFO -   → Page 12/24: 48 lots (total: 576)
2026-04-02 17:28:53,078 - INFO -   Category 1335572015838398043, page 13...
2026-04-02 17:28:53,297 - INFO -   → Page 13/24: 48 lots (total: 624)
2026-04-02 17:28:54,043 - INFO -   Category 1335572015838398043, page 14...
2026-04-02 17:28:54,281 - INFO -   → Page 14/24: 48 lots (total: 672)
2026-04-02 17:28:54,997 - INFO -   Category 1335572015838398043, page 15...
2026-04-02 17:28:55,649 - INFO -   → Page 15/24: 48 lots (total: 720)
2026-04-02 17:28:56,346 - INFO -   Category 1335572015838398043, page 16...
2026-04-02 17:28:56,572 - INFO -   → Page 16/24: 48 lots (total: 768)
2026-04-02 17:28:57,501 - INFO -   Category 1335572015838398043, page 17...
2026-04-02 17:28:57,708 - INFO -   → Page 17/24: 48 lots (total: 816)
2026-04-02 17:28:58,738 - INFO -   Category 1335572015838398043, page 18...
2026-04-02 17:28:58,992 - INFO -   → Page 18/24: 48 lots (total: 864)
2026-04-02 17:29:00,457 - INFO -   Category 1335572015838398043, page 19...
2026-04-02 17:29:00,671 - INFO -   → Page 19/24: 48 lots (total: 912)
2026-04-02 17:29:01,363 - INFO -   Category 1335572015838398043, page 20...
2026-04-02 17:29:01,715 - INFO -   → Page 20/24: 48 lots (total: 960)
2026-04-02 17:29:02,265 - INFO -   Category 1335572015838398043, page 21...
2026-04-02 17:29:02,495 - INFO -   → Page 21/24: 48 lots (total: 1008)
2026-04-02 17:29:03,239 - INFO -   Category 1335572015838398043, page 22...
2026-04-02 17:29:03,456 - INFO -   → Page 22/24: 48 lots (total: 1056)
2026-04-02 17:29:03,996 - INFO -   Category 1335572015838398043, page 23...
2026-04-02 17:29:04,266 - INFO -   → Page 23/24: 48 lots (total: 1104)
2026-04-02 17:29:05,174 - INFO -   Category 1335572015838398043, page 24...
2026-04-02 17:29:05,423 - INFO -   → Page 24/24: 48 lots (total: 1152)
2026-04-02 17:29:05,424 - INFO -   → Reached last page (24/24)
2026-04-02 17:29:07,431 - INFO -   Category 1335572023151306, page 1...
2026-04-02 17:29:07,632 - INFO -   → No more items on page 1, pagination complete
2026-04-02 17:29:09,638 - INFO -   Category 1335572026939174, page 1...
2026-04-02 17:29:09,772 - INFO -   → No more items on page 1, pagination complete
2026-04-02 17:29:11,774 - INFO - ✓ Stage 1 complete: 1152 lots fetched
2026-04-02 17:32:04,903 - INFO - ✓ Saved 1152/1152 lots to database
2026-04-02 17:32:04,905 - INFO - ✓ Basic lots saved to database
2026-04-02 17:32:04,905 - INFO - 
🔍 AUTO-ADJUSTING THRESHOLD...
2026-04-02 17:32:04,905 - INFO - ================================================================================
2026-04-02 17:32:04,906 - INFO -   🎯 Target Count Strategy:
2026-04-02 17:32:04,906 - INFO -      → Target: 50 lots
2026-04-02 17:32:04,906 - INFO -      → 50th lot closes in: 160.0h
2026-04-02 17:32:04,906 - INFO -      → Auto threshold: 0.0
2026-04-02 17:32:04,906 - INFO - 
🎯 AUTO-ADJUSTED THRESHOLD: 0.0
2026-04-02 17:32:04,906 - INFO - ================================================================================
2026-04-02 17:32:04,906 - INFO - ================================================================================
2026-04-02 17:32:04,906 - INFO - KWARA HYBRID SCRAPER - PRIORITY BASED
2026-04-02 17:32:04,906 - INFO - ================================================================================
2026-04-02 17:32:04,906 - INFO - 
📋 STAGE 1: Fetching all lots (basic data)...
2026-04-02 17:32:04,906 - INFO -   Category 1335572015838398043, page 1...
2026-04-02 17:32:05,257 - INFO -   → Category contains 1141 lots across 24 pages
2026-04-02 17:32:05,257 - INFO -   → Page 1/24: 48 lots (total: 48)
2026-04-02 17:32:06,706 - INFO -   Category 1335572015838398043, page 2...
2026-04-02 17:32:06,947 - INFO -   → Page 2/24: 48 lots (total: 96)
2026-04-02 17:32:07,836 - INFO -   Category 1335572015838398043, page 3...
2026-04-02 17:32:08,064 - INFO -   → Page 3/24: 48 lots (total: 144)
2026-04-02 17:32:09,403 - INFO -   Category 1335572015838398043, page 4...
2026-04-02 17:32:09,633 - INFO -   → Page 4/24: 48 lots (total: 192)
2026-04-02 17:32:10,346 - INFO -   Category 1335572015838398043, page 5...
2026-04-02 17:32:10,573 - INFO -   → Page 5/24: 48 lots (total: 240)
2026-04-02 17:32:11,969 - INFO -   Category 1335572015838398043, page 6...
2026-04-02 17:32:12,221 - INFO -   → Page 6/24: 48 lots (total: 288)
2026-04-02 17:32:13,645 - INFO -   Category 1335572015838398043, page 7...
2026-04-02 17:32:13,857 - INFO -   → Page 7/24: 48 lots (total: 336)
2026-04-02 17:32:14,450 - INFO -   Category 1335572015838398043, page 8...
2026-04-02 17:32:14,660 - INFO -   → Page 8/24: 48 lots (total: 384)
2026-04-02 17:32:15,848 - INFO -   Category 1335572015838398043, page 9...
2026-04-02 17:32:16,051 - INFO -   → Page 9/24: 48 lots (total: 432)
2026-04-02 17:32:17,379 - INFO -   Category 1335572015838398043, page 10...
2026-04-02 17:32:17,634 - INFO -   → Page 10/24: 48 lots (total: 480)
2026-04-02 17:32:18,474 - INFO -   Category 1335572015838398043, page 11...
2026-04-02 17:32:18,701 - INFO -   → Page 11/24: 48 lots (total: 528)
2026-04-02 17:32:19,379 - INFO -   Category 1335572015838398043, page 12...
2026-04-02 17:32:19,637 - INFO -   → Page 12/24: 48 lots (total: 576)
2026-04-02 17:32:20,518 - INFO -   Category 1335572015838398043, page 13...
2026-04-02 17:32:20,750 - INFO -   → Page 13/24: 48 lots (total: 624)
2026-04-02 17:32:21,927 - INFO -   Category 1335572015838398043, page 14...
2026-04-02 17:32:22,167 - INFO -   → Page 14/24: 48 lots (total: 672)
2026-04-02 17:32:23,011 - INFO -   Category 1335572015838398043, page 15...
2026-04-02 17:32:23,244 - INFO -   → Page 15/24: 48 lots (total: 720)
2026-04-02 17:32:24,422 - INFO -   Category 1335572015838398043, page 16...
2026-04-02 17:32:24,665 - INFO -   → Page 16/24: 48 lots (total: 768)
2026-04-02 17:32:25,946 - INFO -   Category 1335572015838398043, page 17...
2026-04-02 17:32:26,214 - INFO -   → Page 17/24: 48 lots (total: 816)
2026-04-02 17:32:27,574 - INFO -   Category 1335572015838398043, page 18...
2026-04-02 17:32:27,798 - INFO -   → Page 18/24: 48 lots (total: 864)
2026-04-02 17:32:28,551 - INFO -   Category 1335572015838398043, page 19...
2026-04-02 17:32:28,791 - INFO -   → Page 19/24: 48 lots (total: 912)
2026-04-02 17:32:29,681 - INFO -   Category 1335572015838398043, page 20...
2026-04-02 17:32:29,911 - INFO -   → Page 20/24: 48 lots (total: 960)
2026-04-02 17:32:30,839 - INFO -   Category 1335572015838398043, page 21...
2026-04-02 17:32:31,078 - INFO -   → Page 21/24: 48 lots (total: 1008)
2026-04-02 17:32:32,513 - INFO -   Category 1335572015838398043, page 22...
2026-04-02 17:32:32,750 - INFO -   → Page 22/24: 48 lots (total: 1056)
2026-04-02 17:32:33,985 - INFO -   Category 1335572015838398043, page 23...
2026-04-02 17:32:34,213 - INFO -   → Page 23/24: 48 lots (total: 1104)
2026-04-02 17:32:35,576 - INFO -   Category 1335572015838398043, page 24...
2026-04-02 17:32:35,790 - INFO -   → Page 24/24: 48 lots (total: 1152)
2026-04-02 17:32:35,791 - INFO -   → Reached last page (24/24)
2026-04-02 17:32:37,802 - INFO -   Category 1335572023151306, page 1...
2026-04-02 17:32:37,932 - INFO -   → No more items on page 1, pagination complete
2026-04-02 17:32:39,935 - INFO -   Category 1335572026939174, page 1...
2026-04-02 17:32:40,060 - INFO -   → No more items on page 1, pagination complete
2026-04-02 17:32:42,066 - INFO - ✓ Stage 1 complete: 1152 lots fetched
2026-04-02 17:36:40,902 - INFO - ✓ Saved 1152/1152 lots to database
2026-04-02 17:36:40,903 - INFO - ✓ Basic lots saved to database
2026-04-02 17:36:40,903 - INFO - 
🎯 CALCULATING PRIORITIES for 1152 lots...
2026-04-02 17:36:40,907 - INFO - ✓ Found 1152 high-priority lots (score >= 0.0)
2026-04-02 17:36:40,907 - INFO - Priority Score Distribution:
2026-04-02 17:36:40,907 - INFO -   Below 50: 1152 lots
2026-04-02 17:36:40,907 - INFO - 
🚀 STAGE 2a: Pre-scraping top 50 priority lots...
2026-04-02 17:37:33,419 - INFO -   Progress: 20/50 lots (40.0%)
2026-04-02 17:38:30,901 - INFO -   Progress: 40/50 lots (80.0%)
2026-04-02 17:39:13,348 - INFO - ✓ Saved 50/50 lots to database
2026-04-02 17:39:13,349 - INFO - ✓ Saved 50 priority lots to database
2026-04-02 17:39:13,349 - INFO - 
================================================================================
2026-04-02 17:39:13,349 - INFO - HYBRID SCRAPING COMPLETE!
2026-04-02 17:39:13,349 - INFO - ================================================================================
2026-04-02 17:39:13,349 - INFO - Priority lots pre-scraped: 50
2026-04-02 17:39:13,349 - INFO - On-demand slugs available: 0
2026-04-02 17:39:13,349 - INFO - Time elapsed: 428.4s (7.1 minutes)
2026-04-02 17:39:13,349 - INFO - ================================================================================
2026-04-02 17:39:13,355 - INFO - 
✓ Pre-scraped 50 priority lots
2026-04-02 17:39:13,356 - INFO - ✓ Tracked 0 on-demand slugs
